<?xml version="1.0" encoding="UTF-8"?>
<!-- Generated by org.testng.reporters.JUnitXMLReporter -->
<testsuite ignored="2" hostname="kamaldeep" failures="0" tests="1" name="Default test" time="9.755" errors="0" timestamp="2023-07-07T17:58:13 EDT">
  <testcase classname="com.naveenautomationlabs.AutomationFramework.Tests.SuccessTest" name="validateProductSelected" time="3.663"/>
  <testcase classname="com.naveenautomationlabs.AutomationFramework.Tests.SuccessTest" name="validateOrderPlacedAfterLogin" time="0.0">
    <ignored/>
  </testcase> <!-- validateOrderPlacedAfterLogin -->
  <testcase classname="com.naveenautomationlabs.AutomationFramework.Tests.SuccessTest" name="validateOrderPlacedSuccessfull" time="0.0">
    <ignored/>
  </testcase> <!-- validateOrderPlacedSuccessfull -->
</testsuite> <!-- Default test -->
