<?xml version="1.0" encoding="UTF-8"?>
<!-- Generated by org.testng.reporters.JUnitXMLReporter -->
<testsuite ignored="1" hostname="kamaldeep" failures="0" tests="6" name="Test" time="65.475" errors="0" timestamp="2023-07-07T22:58:27 EDT">
  <testcase classname="com.naveenautomationlabs.AutomationFramework.Tests.SuccessTest" name="validateProductSelected" time="3.418"/>
  <testcase classname="com.naveenautomationlabs.AutomationFramework.Tests.IphoneTest" name="validateProductSelected" time="1.166"/>
  <testcase classname="com.naveenautomationlabs.AutomationFramework.Tests.YourStoreTest" name="validateWishButtonValueIncrease" time="1.418"/>
  <testcase classname="com.naveenautomationlabs.AutomationFramework.Tests.YourTransactionsTest" name="validateTransactionOptionSelectedFromSiteNavigation" time="3.962"/>
  <testcase classname="com.naveenautomationlabs.AutomationFramework.Tests.AppleCinema30Test" name="validateProductSelected" time="1.584"/>
  <testcase classname="com.naveenautomationlabs.AutomationFramework.Tests.MyAccountTest" name="validateMyAccountOptionSelectedFromSiteNavigation" time="4.4"/>
  <testcase classname="com.naveenautomationlabs.AutomationFramework.Tests.SuccessTest" name="validateOrderPlacedSuccessfull" time="0.0">
    <ignored/>
  </testcase> <!-- validateOrderPlacedSuccessfull -->
</testsuite> <!-- Test -->
