<?xml version="1.0" encoding="UTF-8"?>
<testng-results ignored="0" total="1" passed="1" failed="0" skipped="0">
  <reporter-output>
  </reporter-output>
  <suite started-at="2023-07-09T14:10:26 EDT" name="Default suite" finished-at="2023-07-09T14:10:37 EDT" duration-ms="11577">
    <groups>
    </groups>
    <test started-at="2023-07-09T14:10:26 EDT" name="Default test" finished-at="2023-07-09T14:10:37 EDT" duration-ms="11577">
      <class name="com.naveenautomationlabs.AutomationFramework.Tests.IphoneTest">
        <test-method is-config="true" signature="setUpLogger()[pri:0, instance:com.naveenautomationlabs.AutomationFramework.Tests.IphoneTest@2b91004a]" started-at="2023-07-09T14:10:26 EDT" name="setUpLogger" finished-at="2023-07-09T14:10:26 EDT" duration-ms="246" status="PASS">
          <reporter-output>
          </reporter-output>
        </test-method> <!-- setUpLogger -->
        <test-method is-config="true" signature="setUp()[pri:0, instance:com.naveenautomationlabs.AutomationFramework.Tests.IphoneTest@2b91004a]" started-at="2023-07-09T14:10:26 EDT" name="setUp" finished-at="2023-07-09T14:10:36 EDT" duration-ms="10032" status="PASS">
          <reporter-output>
          </reporter-output>
        </test-method> <!-- setUp -->
        <test-method signature="validateProductSelected()[pri:0, instance:com.naveenautomationlabs.AutomationFramework.Tests.IphoneTest@2b91004a]" started-at="2023-07-09T14:10:36 EDT" name="validateProductSelected" finished-at="2023-07-09T14:10:37 EDT" duration-ms="1237" status="PASS">
          <reporter-output>
          </reporter-output>
        </test-method> <!-- validateProductSelected -->
      </class> <!-- com.naveenautomationlabs.AutomationFramework.Tests.IphoneTest -->
    </test> <!-- Default test -->
  </suite> <!-- Default suite -->
</testng-results>
